<?xml version="1.0" encoding="UTF-8"?>
<!-- Generated by org.testng.reporters.JUnitXMLReporter -->
<testsuite ignored="0" hostname="LAPTOP-65ID085J" failures="2" tests="2" name="Test" time="0.093" errors="0" timestamp="2020-08-16T11:57:22 IST">
  <testcase classname="academy.loginpage" name="logn" time="0.016">
    <failure type="java.lang.NullPointerException">
      <![CDATA[java.lang.NullPointerException
at academy.browserpath.path(browserpath.java:28)
at academy.loginpage.logn(loginpage.java:18)
at java.base/java.util.ArrayList.forEach(ArrayList.java:1540)
... Removed 27 stack frames]]>
    </failure>
  </testcase> <!-- logn -->
  <testcase classname="academy.loginpage" name="logn" time="0.062">
    <failure type="java.lang.NullPointerException">
      <![CDATA[java.lang.NullPointerException
at academy.browserpath.getscreenshotpath(browserpath.java:50)
at academy.listeners.onTestFailure(listeners.java:45)
at java.base/java.util.ArrayList.forEach(ArrayList.java:1540)
... Removed 24 stack frames]]>
    </failure>
  </testcase> <!-- logn -->
</testsuite> <!-- Test -->
